0 info it worked if it ends with ok
1 verbose cli [ '/home/enbake/.nvm/versions/node/v5.0.0/bin/node',
1 verbose cli   '/home/enbake/.nvm/versions/node/v5.0.0/bin/npm',
1 verbose cli   'install',
1 verbose cli   'sudo',
1 verbose cli   'apt-get',
1 verbose cli   'install',
1 verbose cli   'imagemagick',
1 verbose cli   'ghostscript',
1 verbose cli   'poppler-utils',
1 verbose cli   '--save' ]
2 info using npm@3.3.6
3 info using node@v5.0.0
4 silly loadCurrentTree Starting
5 silly install loadCurrentTree
6 silly install readLocalPackageData
7 silly fetchPackageMetaData sudo
8 silly fetchPackageMetaData apt-get
9 silly fetchPackageMetaData install
10 silly fetchPackageMetaData imagemagick
11 silly fetchPackageMetaData ghostscript
12 silly fetchPackageMetaData poppler-utils
13 silly fetchNamedPackageData sudo
14 silly mapToRegistry name sudo
15 silly mapToRegistry using default registry
16 silly mapToRegistry registry https://registry.npmjs.org/
17 silly mapToRegistry uri https://registry.npmjs.org/sudo
18 silly fetchNamedPackageData apt-get
19 silly mapToRegistry name apt-get
20 silly mapToRegistry using default registry
21 silly mapToRegistry registry https://registry.npmjs.org/
22 silly mapToRegistry uri https://registry.npmjs.org/apt-get
23 silly fetchNamedPackageData install
24 silly mapToRegistry name install
25 silly mapToRegistry using default registry
26 silly mapToRegistry registry https://registry.npmjs.org/
27 silly mapToRegistry uri https://registry.npmjs.org/install
28 silly fetchNamedPackageData imagemagick
29 silly mapToRegistry name imagemagick
30 silly mapToRegistry using default registry
31 silly mapToRegistry registry https://registry.npmjs.org/
32 silly mapToRegistry uri https://registry.npmjs.org/imagemagick
33 silly fetchNamedPackageData ghostscript
34 silly mapToRegistry name ghostscript
35 silly mapToRegistry using default registry
36 silly mapToRegistry registry https://registry.npmjs.org/
37 silly mapToRegistry uri https://registry.npmjs.org/ghostscript
38 silly fetchNamedPackageData poppler-utils
39 silly mapToRegistry name poppler-utils
40 silly mapToRegistry using default registry
41 silly mapToRegistry registry https://registry.npmjs.org/
42 silly mapToRegistry uri https://registry.npmjs.org/poppler-utils
43 verbose request uri https://registry.npmjs.org/ghostscript
44 verbose request no auth needed
45 info attempt registry request try #1 at 4:10:08 PM
46 verbose request id 92f2665be9cc294a
47 http request GET https://registry.npmjs.org/ghostscript
48 verbose request uri https://registry.npmjs.org/poppler-utils
49 verbose request no auth needed
50 info attempt registry request try #1 at 4:10:08 PM
51 http request GET https://registry.npmjs.org/poppler-utils
52 verbose request uri https://registry.npmjs.org/sudo
53 verbose request no auth needed
54 info attempt registry request try #1 at 4:10:08 PM
55 http request GET https://registry.npmjs.org/sudo
56 verbose request uri https://registry.npmjs.org/apt-get
57 verbose request no auth needed
58 info attempt registry request try #1 at 4:10:08 PM
59 http request GET https://registry.npmjs.org/apt-get
60 verbose request uri https://registry.npmjs.org/install
61 verbose request no auth needed
62 info attempt registry request try #1 at 4:10:08 PM
63 http request GET https://registry.npmjs.org/install
64 verbose request uri https://registry.npmjs.org/imagemagick
65 verbose request no auth needed
66 info attempt registry request try #1 at 4:10:11 PM
67 verbose etag "6UBSOTXLJGVU04764PLKOTREW"
68 http request GET https://registry.npmjs.org/imagemagick
69 http 404 https://registry.npmjs.org/ghostscript
70 verbose headers { 'content-type': 'application/json',
70 verbose headers   'cache-control': 'max-age=0',
70 verbose headers   'content-length': '2',
70 verbose headers   'accept-ranges': 'bytes',
70 verbose headers   date: 'Mon, 24 Oct 2016 10:40:12 GMT',
70 verbose headers   via: '1.1 varnish',
70 verbose headers   age: '0',
70 verbose headers   connection: 'keep-alive',
70 verbose headers   'x-served-by': 'cache-sin6921-SIN',
70 verbose headers   'x-cache': 'MISS',
70 verbose headers   'x-cache-hits': '0',
70 verbose headers   'x-timer': 'S1477305612.220513,VS0,VE250',
70 verbose headers   vary: 'Accept-Encoding' }
71 silly get cb [ 404,
71 silly get   { 'content-type': 'application/json',
71 silly get     'cache-control': 'max-age=0',
71 silly get     'content-length': '2',
71 silly get     'accept-ranges': 'bytes',
71 silly get     date: 'Mon, 24 Oct 2016 10:40:12 GMT',
71 silly get     via: '1.1 varnish',
71 silly get     age: '0',
71 silly get     connection: 'keep-alive',
71 silly get     'x-served-by': 'cache-sin6921-SIN',
71 silly get     'x-cache': 'MISS',
71 silly get     'x-cache-hits': '0',
71 silly get     'x-timer': 'S1477305612.220513,VS0,VE250',
71 silly get     vary: 'Accept-Encoding' } ]
72 silly fetchPackageMetaData Error: Registry returned 404 for GET on https://registry.npmjs.org/ghostscript
72 silly fetchPackageMetaData     at makeError (/home/enbake/.nvm/versions/node/v5.0.0/lib/node_modules/npm/node_modules/npm-registry-client/lib/request.js:264:12)
72 silly fetchPackageMetaData     at CachingRegistryClient.<anonymous> (/home/enbake/.nvm/versions/node/v5.0.0/lib/node_modules/npm/node_modules/npm-registry-client/lib/request.js:242:14)
72 silly fetchPackageMetaData     at Request._callback (/home/enbake/.nvm/versions/node/v5.0.0/lib/node_modules/npm/node_modules/npm-registry-client/lib/request.js:172:14)
72 silly fetchPackageMetaData     at Request.self.callback (/home/enbake/.nvm/versions/node/v5.0.0/lib/node_modules/npm/node_modules/request/request.js:198:22)
72 silly fetchPackageMetaData     at emitTwo (events.js:87:13)
72 silly fetchPackageMetaData     at Request.emit (events.js:172:7)
72 silly fetchPackageMetaData     at Request.<anonymous> (/home/enbake/.nvm/versions/node/v5.0.0/lib/node_modules/npm/node_modules/request/request.js:1063:14)
72 silly fetchPackageMetaData     at emitOne (events.js:82:20)
72 silly fetchPackageMetaData     at Request.emit (events.js:169:7)
72 silly fetchPackageMetaData     at IncomingMessage.<anonymous> (/home/enbake/.nvm/versions/node/v5.0.0/lib/node_modules/npm/node_modules/request/request.js:1009:12)
72 silly fetchPackageMetaData  error for ghostscript { [Error: Registry returned 404 for GET on https://registry.npmjs.org/ghostscript] pkgid: 'ghostscript', statusCode: 404, code: 'E404' }
73 http 304 https://registry.npmjs.org/imagemagick
74 verbose headers { date: 'Mon, 24 Oct 2016 10:40:12 GMT',
74 verbose headers   via: '1.1 varnish',
74 verbose headers   'cache-control': 'max-age=300',
74 verbose headers   etag: '"6UBSOTXLJGVU04764PLKOTREW"',
74 verbose headers   age: '0',
74 verbose headers   connection: 'keep-alive',
74 verbose headers   'x-served-by': 'cache-lax8632-LAX',
74 verbose headers   'x-cache': 'MISS',
74 verbose headers   'x-cache-hits': '0',
74 verbose headers   'x-timer': 'S1477305612.313567,VS0,VE371',
74 verbose headers   vary: 'Accept-Encoding' }
75 silly get cb [ 304,
75 silly get   { date: 'Mon, 24 Oct 2016 10:40:12 GMT',
75 silly get     via: '1.1 varnish',
75 silly get     'cache-control': 'max-age=300',
75 silly get     etag: '"6UBSOTXLJGVU04764PLKOTREW"',
75 silly get     age: '0',
75 silly get     connection: 'keep-alive',
75 silly get     'x-served-by': 'cache-lax8632-LAX',
75 silly get     'x-cache': 'MISS',
75 silly get     'x-cache-hits': '0',
75 silly get     'x-timer': 'S1477305612.313567,VS0,VE371',
75 silly get     vary: 'Accept-Encoding' } ]
76 verbose etag https://registry.npmjs.org/imagemagick from cache
77 verbose get saving imagemagick to /home/enbake/.npm/registry.npmjs.org/imagemagick/.cache.json
78 http 200 https://registry.npmjs.org/install
79 verbose headers { server: 'CouchDB/1.5.0 (Erlang OTP/R16B03)',
79 verbose headers   etag: '"4ZID2457HIOAG6R5OHH5B3I63"',
79 verbose headers   'content-type': 'application/json',
79 verbose headers   'content-encoding': 'gzip',
79 verbose headers   'cache-control': 'max-age=300',
79 verbose headers   'content-length': '7526',
79 verbose headers   'accept-ranges': 'bytes',
79 verbose headers   date: 'Mon, 24 Oct 2016 10:40:12 GMT',
79 verbose headers   via: '1.1 varnish',
79 verbose headers   age: '215',
79 verbose headers   connection: 'keep-alive',
79 verbose headers   'x-served-by': 'cache-lax8627-LAX',
79 verbose headers   'x-cache': 'HIT',
79 verbose headers   'x-cache-hits': '1',
79 verbose headers   'x-timer': 'S1477305612.314354,VS0,VE0',
79 verbose headers   vary: 'Accept-Encoding' }
80 silly get cb [ 200,
80 silly get   { server: 'CouchDB/1.5.0 (Erlang OTP/R16B03)',
80 silly get     etag: '"4ZID2457HIOAG6R5OHH5B3I63"',
80 silly get     'content-type': 'application/json',
80 silly get     'content-encoding': 'gzip',
80 silly get     'cache-control': 'max-age=300',
80 silly get     'content-length': '7526',
80 silly get     'accept-ranges': 'bytes',
80 silly get     date: 'Mon, 24 Oct 2016 10:40:12 GMT',
80 silly get     via: '1.1 varnish',
80 silly get     age: '215',
80 silly get     connection: 'keep-alive',
80 silly get     'x-served-by': 'cache-lax8627-LAX',
80 silly get     'x-cache': 'HIT',
80 silly get     'x-cache-hits': '1',
80 silly get     'x-timer': 'S1477305612.314354,VS0,VE0',
80 silly get     vary: 'Accept-Encoding' } ]
81 verbose get saving install to /home/enbake/.npm/registry.npmjs.org/install/.cache.json
82 http 404 https://registry.npmjs.org/poppler-utils
83 verbose headers { 'content-type': 'application/json',
83 verbose headers   'cache-control': 'max-age=0',
83 verbose headers   'content-length': '2',
83 verbose headers   'accept-ranges': 'bytes',
83 verbose headers   date: 'Mon, 24 Oct 2016 10:40:13 GMT',
83 verbose headers   via: '1.1 varnish',
83 verbose headers   age: '0',
83 verbose headers   connection: 'keep-alive',
83 verbose headers   'x-served-by': 'cache-lax8643-LAX',
83 verbose headers   'x-cache': 'MISS',
83 verbose headers   'x-cache-hits': '0',
83 verbose headers   'x-timer': 'S1477305613.877324,VS0,VE89',
83 verbose headers   vary: 'Accept-Encoding' }
84 silly get cb [ 404,
84 silly get   { 'content-type': 'application/json',
84 silly get     'cache-control': 'max-age=0',
84 silly get     'content-length': '2',
84 silly get     'accept-ranges': 'bytes',
84 silly get     date: 'Mon, 24 Oct 2016 10:40:13 GMT',
84 silly get     via: '1.1 varnish',
84 silly get     age: '0',
84 silly get     connection: 'keep-alive',
84 silly get     'x-served-by': 'cache-lax8643-LAX',
84 silly get     'x-cache': 'MISS',
84 silly get     'x-cache-hits': '0',
84 silly get     'x-timer': 'S1477305613.877324,VS0,VE89',
84 silly get     vary: 'Accept-Encoding' } ]
85 silly fetchPackageMetaData Error: Registry returned 404 for GET on https://registry.npmjs.org/poppler-utils
85 silly fetchPackageMetaData     at makeError (/home/enbake/.nvm/versions/node/v5.0.0/lib/node_modules/npm/node_modules/npm-registry-client/lib/request.js:264:12)
85 silly fetchPackageMetaData     at CachingRegistryClient.<anonymous> (/home/enbake/.nvm/versions/node/v5.0.0/lib/node_modules/npm/node_modules/npm-registry-client/lib/request.js:242:14)
85 silly fetchPackageMetaData     at Request._callback (/home/enbake/.nvm/versions/node/v5.0.0/lib/node_modules/npm/node_modules/npm-registry-client/lib/request.js:172:14)
85 silly fetchPackageMetaData     at Request.self.callback (/home/enbake/.nvm/versions/node/v5.0.0/lib/node_modules/npm/node_modules/request/request.js:198:22)
85 silly fetchPackageMetaData     at emitTwo (events.js:87:13)
85 silly fetchPackageMetaData     at Request.emit (events.js:172:7)
85 silly fetchPackageMetaData     at Request.<anonymous> (/home/enbake/.nvm/versions/node/v5.0.0/lib/node_modules/npm/node_modules/request/request.js:1063:14)
85 silly fetchPackageMetaData     at emitOne (events.js:82:20)
85 silly fetchPackageMetaData     at Request.emit (events.js:169:7)
85 silly fetchPackageMetaData     at IncomingMessage.<anonymous> (/home/enbake/.nvm/versions/node/v5.0.0/lib/node_modules/npm/node_modules/request/request.js:1009:12)
85 silly fetchPackageMetaData  error for poppler-utils { [Error: Registry returned 404 for GET on https://registry.npmjs.org/poppler-utils] pkgid: 'poppler-utils', statusCode: 404, code: 'E404' }
86 http 200 https://registry.npmjs.org/sudo
87 verbose headers { server: 'CouchDB/1.5.0 (Erlang OTP/R16B03)',
87 verbose headers   etag: '"VNAO8BFQ9143KRLRVPXKTDZE"',
87 verbose headers   'content-type': 'application/json',
87 verbose headers   'content-encoding': 'gzip',
87 verbose headers   'cache-control': 'max-age=300',
87 verbose headers   'content-length': '1558',
87 verbose headers   'accept-ranges': 'bytes',
87 verbose headers   date: 'Mon, 24 Oct 2016 10:40:13 GMT',
87 verbose headers   via: '1.1 varnish',
87 verbose headers   age: '0',
87 verbose headers   connection: 'keep-alive',
87 verbose headers   'x-served-by': 'cache-lax8637-LAX',
87 verbose headers   'x-cache': 'MISS',
87 verbose headers   'x-cache-hits': '0',
87 verbose headers   'x-timer': 'S1477305613.876834,VS0,VE99',
87 verbose headers   vary: 'Accept-Encoding' }
88 silly get cb [ 200,
88 silly get   { server: 'CouchDB/1.5.0 (Erlang OTP/R16B03)',
88 silly get     etag: '"VNAO8BFQ9143KRLRVPXKTDZE"',
88 silly get     'content-type': 'application/json',
88 silly get     'content-encoding': 'gzip',
88 silly get     'cache-control': 'max-age=300',
88 silly get     'content-length': '1558',
88 silly get     'accept-ranges': 'bytes',
88 silly get     date: 'Mon, 24 Oct 2016 10:40:13 GMT',
88 silly get     via: '1.1 varnish',
88 silly get     age: '0',
88 silly get     connection: 'keep-alive',
88 silly get     'x-served-by': 'cache-lax8637-LAX',
88 silly get     'x-cache': 'MISS',
88 silly get     'x-cache-hits': '0',
88 silly get     'x-timer': 'S1477305613.876834,VS0,VE99',
88 silly get     vary: 'Accept-Encoding' } ]
89 verbose get saving sudo to /home/enbake/.npm/registry.npmjs.org/sudo/.cache.json
90 http 200 https://registry.npmjs.org/apt-get
91 verbose headers { server: 'CouchDB/1.5.0 (Erlang OTP/R16B03)',
91 verbose headers   etag: '"EUP44JL0CM2XQ20KXU688HL6I"',
91 verbose headers   'content-type': 'application/json',
91 verbose headers   'content-encoding': 'gzip',
91 verbose headers   'cache-control': 'max-age=300',
91 verbose headers   'content-length': '1061',
91 verbose headers   'accept-ranges': 'bytes',
91 verbose headers   date: 'Mon, 24 Oct 2016 10:40:14 GMT',
91 verbose headers   via: '1.1 varnish',
91 verbose headers   age: '0',
91 verbose headers   connection: 'keep-alive',
91 verbose headers   'x-served-by': 'cache-lax8647-LAX',
91 verbose headers   'x-cache': 'MISS',
91 verbose headers   'x-cache-hits': '0',
91 verbose headers   'x-timer': 'S1477305613.839191,VS0,VE358',
91 verbose headers   vary: 'Accept-Encoding' }
92 silly get cb [ 200,
92 silly get   { server: 'CouchDB/1.5.0 (Erlang OTP/R16B03)',
92 silly get     etag: '"EUP44JL0CM2XQ20KXU688HL6I"',
92 silly get     'content-type': 'application/json',
92 silly get     'content-encoding': 'gzip',
92 silly get     'cache-control': 'max-age=300',
92 silly get     'content-length': '1061',
92 silly get     'accept-ranges': 'bytes',
92 silly get     date: 'Mon, 24 Oct 2016 10:40:14 GMT',
92 silly get     via: '1.1 varnish',
92 silly get     age: '0',
92 silly get     connection: 'keep-alive',
92 silly get     'x-served-by': 'cache-lax8647-LAX',
92 silly get     'x-cache': 'MISS',
92 silly get     'x-cache-hits': '0',
92 silly get     'x-timer': 'S1477305613.839191,VS0,VE358',
92 silly get     vary: 'Accept-Encoding' } ]
93 verbose get saving apt-get to /home/enbake/.npm/registry.npmjs.org/apt-get/.cache.json
94 silly rollbackFailedOptional Starting
95 silly rollbackFailedOptional Finishing
96 silly runTopLevelLifecycles Starting
97 silly runTopLevelLifecycles Finishing
98 silly install printInstalled
99 verbose stack Error: Registry returned 404 for GET on https://registry.npmjs.org/ghostscript
99 verbose stack     at makeError (/home/enbake/.nvm/versions/node/v5.0.0/lib/node_modules/npm/node_modules/npm-registry-client/lib/request.js:264:12)
99 verbose stack     at CachingRegistryClient.<anonymous> (/home/enbake/.nvm/versions/node/v5.0.0/lib/node_modules/npm/node_modules/npm-registry-client/lib/request.js:242:14)
99 verbose stack     at Request._callback (/home/enbake/.nvm/versions/node/v5.0.0/lib/node_modules/npm/node_modules/npm-registry-client/lib/request.js:172:14)
99 verbose stack     at Request.self.callback (/home/enbake/.nvm/versions/node/v5.0.0/lib/node_modules/npm/node_modules/request/request.js:198:22)
99 verbose stack     at emitTwo (events.js:87:13)
99 verbose stack     at Request.emit (events.js:172:7)
99 verbose stack     at Request.<anonymous> (/home/enbake/.nvm/versions/node/v5.0.0/lib/node_modules/npm/node_modules/request/request.js:1063:14)
99 verbose stack     at emitOne (events.js:82:20)
99 verbose stack     at Request.emit (events.js:169:7)
99 verbose stack     at IncomingMessage.<anonymous> (/home/enbake/.nvm/versions/node/v5.0.0/lib/node_modules/npm/node_modules/request/request.js:1009:12)
100 verbose statusCode 404
101 verbose pkgid ghostscript
102 verbose cwd /home/enbake/dotloopbackend
103 error Linux 4.2.0-42-generic
104 error argv "/home/enbake/.nvm/versions/node/v5.0.0/bin/node" "/home/enbake/.nvm/versions/node/v5.0.0/bin/npm" "install" "sudo" "apt-get" "install" "imagemagick" "ghostscript" "poppler-utils" "--save"
105 error node v5.0.0
106 error npm  v3.3.6
107 error code E404
108 error 404 Registry returned 404 for GET on https://registry.npmjs.org/ghostscript
108 error 404
108 error 404 'ghostscript' is not in the npm registry.
108 error 404 You should bug the author to publish it (or use the name yourself!)
108 error 404
108 error 404 Note that you can also install from a
108 error 404 tarball, folder, http url, or git url.
109 verbose exit [ 1, true ]
